2025-12-01 23:44:05,101 - INFO - Loading text data from C:\Data\Emotion-Aware AI Assistant\data\text\imdb.csv
2025-12-01 23:54:33,685 - INFO - Loading text data from C:\Data\Emotion-Aware AI Assistant\data\text\imdb.csv
2025-12-02 01:44:30,310 - INFO - Loading text data from C:\Data\Emotion-Aware AI Assistant\data\text\imdb.csv
2025-12-02 01:49:27,398 - INFO - Loading text data from C:\Data\Emotion-Aware AI Assistant\data\text\imdb.csv
2025-12-02 01:49:27,908 - INFO - Using text column 'review' and label column 'sentiment'
2025-12-02 01:49:27,953 - INFO - Detected 2 classes: [np.str_('negative'), np.str_('positive')]
2025-12-02 01:49:27,954 - INFO - Transformers not available; using LSTM with Keras Embedding
2025-12-02 01:49:38,050 - INFO - Training LSTM text classifier
2025-12-02 01:49:58,470 - INFO - Loading text data from C:\Data\Emotion-Aware AI Assistant\data\text\imdb.csv
2025-12-02 01:49:59,007 - INFO - Using text column 'review' and label column 'sentiment'
2025-12-02 01:49:59,049 - INFO - Detected 2 classes: [np.str_('negative'), np.str_('positive')]
2025-12-02 01:49:59,050 - INFO - Transformers not available; using LSTM with Keras Embedding
2025-12-02 01:50:09,986 - INFO - Training LSTM text classifier
2025-12-02 04:25:28,172 - INFO - Loading text data from C:\Data\Emotion-Aware AI Assistant\data\text\imdb.csv
2025-12-02 04:25:28,744 - INFO - Using text column 'review' and label column 'sentiment'
2025-12-02 04:25:28,789 - INFO - Detected 2 classes: [np.str_('negative'), np.str_('positive')]
2025-12-02 04:25:28,790 - INFO - Transformers not available; using LSTM with Keras Embedding
2025-12-02 04:25:40,083 - INFO - Training LSTM text classifier
2025-12-02 04:32:58,838 - INFO - Saved LSTM text model to C:\Data\Emotion-Aware AI Assistant\models\text_model\text_model.keras
2025-12-02 04:32:58,840 - INFO - Wrote JSON report to C:\Data\Emotion-Aware AI Assistant\models\text_model\report_and_log\text_training_report.json
2025-12-02 04:32:58,843 - INFO - Wrote text report to C:\Data\Emotion-Aware AI Assistant\models\text_model\report_and_log\text_training_report.txt
